Change Component Designator: Old Designator=C1 New Designator=C?
Change Component Designator: Old Designator=C2 New Designator=C?
Change Component Designator: Old Designator=C3 New Designator=C?
Change Component Designator: Old Designator=C4 New Designator=C?
Change Component Designator: Old Designator=C6 New Designator=C?
Change Component Designator: Old Designator=C7 New Designator=C?
Change Component Designator: Old Designator=C9 New Designator=C?
Change Component Designator: Old Designator=C10 New Designator=C?
Change Component Designator: Old Designator=D1 New Designator=D?
Change Component Designator: Old Designator=D2 New Designator=D?
Change Component Designator: Old Designator=D3 New Designator=D?
Change Component Designator: Old Designator=IC1 New Designator=IC?
Change Component Designator: Old Designator=IC2 New Designator=IC?
Change Component Designator: Old Designator=JP1 New Designator=JP?
Change Component Designator: Old Designator=JP2 New Designator=JP?
Change Component Designator: Old Designator=JP3 New Designator=JP?
Change Component Designator: Old Designator=JP4 New Designator=JP?
Change Component Designator: Old Designator=JP5 New Designator=JP?
Change Component Designator: Old Designator=K1 New Designator=K?
Change Component Designator: Old Designator=R1 New Designator=R?
Change Component Designator: Old Designator=R2 New Designator=R?
Change Component Designator: Old Designator=R4 New Designator=R?
Change Component Designator: Old Designator=R5 New Designator=R?
Change Component Designator: Old Designator=R6 New Designator=R?
Change Component Designator: Old Designator=R7 New Designator=R?
Change Component Designator: Old Designator=U1 New Designator=U?
Change Component Designator: Old Designator=X1 New Designator=X?
